<?xml version="1.0" encoding="UTF-8"?>
<testng-results skipped="0" failed="0" ignored="0" total="10" passed="10">
  <reporter-output>
  </reporter-output>
  <suite name="Default Suite" duration-ms="139712" started-at="2022-12-15T19:52:31 EET" finished-at="2022-12-15T19:54:51 EET">
    <groups>
      <group name="cucumber">
        <method signature="AbstractTestNGCucumberTests.runScenario(io.cucumber.testng.PickleWrapper,io.cucumber.testng.FeatureWrapper)[pri:0, instance:runners.Test_Runner@1e6d1014]" name="runScenario" class="io.cucumber.testng.AbstractTestNGCucumberTests"/>
      </group> <!-- cucumber -->
    </groups>
    <test name="NOP_AutomationTesting" duration-ms="139712" started-at="2022-12-15T19:52:31 EET" finished-at="2022-12-15T19:54:51 EET">
      <class name="runners.Test_Runner">
        <test-method status="PASS" signature="setUpClass(org.testng.ITestContext)[pri:0, instance:runners.Test_Runner@1e6d1014]" name="setUpClass" is-config="true" duration-ms="1824" started-at="2022-12-15T19:52:31 EET" finished-at="2022-12-15T19:52:33 EET">
          <params>
            <param index="0">
              <value>
                <![CDATA[org.testng.TestRunner@5c53f292]]>
              </value>
            </param>
          </params>
          <reporter-output>
          </reporter-output>
        </test-method> <!-- setUpClass -->
        <test-method status="PASS" signature="runScenario(io.cucumber.testng.PickleWrapper,io.cucumber.testng.FeatureWrapper)[pri:0, instance:runners.Test_Runner@1e6d1014]" name="runScenario" duration-ms="19531" started-at="2022-12-15T19:52:33 EET" description="Runs Cucumber Scenarios" data-provider="scenarios" finished-at="2022-12-15T19:52:52 EET">
          <params>
            <param index="0">
              <value>
                <![CDATA["user search for existing item"]]>
              </value>
            </param>
            <param index="1">
              <value>
                <![CDATA["user search for product"]]>
              </value>
            </param>
          </params>
          <reporter-output>
          </reporter-output>
        </test-method> <!-- runScenario -->
        <test-method status="PASS" signature="runScenario(io.cucumber.testng.PickleWrapper,io.cucumber.testng.FeatureWrapper)[pri:0, instance:runners.Test_Runner@1e6d1014]" name="runScenario" duration-ms="13388" started-at="2022-12-15T19:52:52 EET" description="Runs Cucumber Scenarios" data-provider="scenarios" finished-at="2022-12-15T19:53:06 EET">
          <params>
            <param index="0">
              <value>
                <![CDATA["user search for non existing item"]]>
              </value>
            </param>
            <param index="1">
              <value>
                <![CDATA["user search for product"]]>
              </value>
            </param>
          </params>
          <reporter-output>
          </reporter-output>
        </test-method> <!-- runScenario -->
        <test-method status="PASS" signature="runScenario(io.cucumber.testng.PickleWrapper,io.cucumber.testng.FeatureWrapper)[pri:0, instance:runners.Test_Runner@1e6d1014]" name="runScenario" duration-ms="16351" started-at="2022-12-15T19:53:06 EET" description="Runs Cucumber Scenarios" data-provider="scenarios" finished-at="2022-12-15T19:53:22 EET">
          <params>
            <param index="0">
              <value>
                <![CDATA["user search with cool tag"]]>
              </value>
            </param>
            <param index="1">
              <value>
                <![CDATA["user select a searching tag"]]>
              </value>
            </param>
          </params>
          <reporter-output>
          </reporter-output>
        </test-method> <!-- runScenario -->
        <test-method status="PASS" signature="runScenario(io.cucumber.testng.PickleWrapper,io.cucumber.testng.FeatureWrapper)[pri:0, instance:runners.Test_Runner@1e6d1014]" name="runScenario" duration-ms="12987" started-at="2022-12-15T19:53:22 EET" description="Runs Cucumber Scenarios" data-provider="scenarios" finished-at="2022-12-15T19:53:35 EET">
          <params>
            <param index="0">
              <value>
                <![CDATA["User register with valid data"]]>
              </value>
            </param>
            <param index="1">
              <value>
                <![CDATA["User register in the website"]]>
              </value>
            </param>
          </params>
          <reporter-output>
          </reporter-output>
        </test-method> <!-- runScenario -->
        <test-method status="PASS" signature="runScenario(io.cucumber.testng.PickleWrapper,io.cucumber.testng.FeatureWrapper)[pri:0, instance:runners.Test_Runner@1e6d1014]" name="runScenario" duration-ms="11786" started-at="2022-12-15T19:53:35 EET" description="Runs Cucumber Scenarios" data-provider="scenarios" finished-at="2022-12-15T19:53:47 EET">
          <params>
            <param index="0">
              <value>
                <![CDATA["user left mandatory field firstname empty"]]>
              </value>
            </param>
            <param index="1">
              <value>
                <![CDATA["User register in the website"]]>
              </value>
            </param>
          </params>
          <reporter-output>
          </reporter-output>
        </test-method> <!-- runScenario -->
        <test-method status="PASS" signature="runScenario(io.cucumber.testng.PickleWrapper,io.cucumber.testng.FeatureWrapper)[pri:0, instance:runners.Test_Runner@1e6d1014]" name="runScenario" duration-ms="11390" started-at="2022-12-15T19:53:47 EET" description="Runs Cucumber Scenarios" data-provider="scenarios" finished-at="2022-12-15T19:53:58 EET">
          <params>
            <param index="0">
              <value>
                <![CDATA["user entered different passwords"]]>
              </value>
            </param>
            <param index="1">
              <value>
                <![CDATA["User register in the website"]]>
              </value>
            </param>
          </params>
          <reporter-output>
          </reporter-output>
        </test-method> <!-- runScenario -->
        <test-method status="PASS" signature="runScenario(io.cucumber.testng.PickleWrapper,io.cucumber.testng.FeatureWrapper)[pri:0, instance:runners.Test_Runner@1e6d1014]" name="runScenario" duration-ms="12850" started-at="2022-12-15T19:53:58 EET" description="Runs Cucumber Scenarios" data-provider="scenarios" finished-at="2022-12-15T19:54:11 EET">
          <params>
            <param index="0">
              <value>
                <![CDATA["user entered already existing Email"]]>
              </value>
            </param>
            <param index="1">
              <value>
                <![CDATA["User register in the website"]]>
              </value>
            </param>
          </params>
          <reporter-output>
          </reporter-output>
        </test-method> <!-- runScenario -->
        <test-method status="PASS" signature="runScenario(io.cucumber.testng.PickleWrapper,io.cucumber.testng.FeatureWrapper)[pri:0, instance:runners.Test_Runner@1e6d1014]" name="runScenario" duration-ms="11748" started-at="2022-12-15T19:54:11 EET" description="Runs Cucumber Scenarios" data-provider="scenarios" finished-at="2022-12-15T19:54:23 EET">
          <params>
            <param index="0">
              <value>
                <![CDATA["user short password"]]>
              </value>
            </param>
            <param index="1">
              <value>
                <![CDATA["User register in the website"]]>
              </value>
            </param>
          </params>
          <reporter-output>
          </reporter-output>
        </test-method> <!-- runScenario -->
        <test-method status="PASS" signature="runScenario(io.cucumber.testng.PickleWrapper,io.cucumber.testng.FeatureWrapper)[pri:0, instance:runners.Test_Runner@1e6d1014]" name="runScenario" duration-ms="11451" started-at="2022-12-15T19:54:23 EET" description="Runs Cucumber Scenarios" data-provider="scenarios" finished-at="2022-12-15T19:54:34 EET">
          <params>
            <param index="0">
              <value>
                <![CDATA["user switch from Dollar to Euro"]]>
              </value>
            </param>
            <param index="1">
              <value>
                <![CDATA["user switch the currency to other one"]]>
              </value>
            </param>
          </params>
          <reporter-output>
          </reporter-output>
        </test-method> <!-- runScenario -->
        <test-method status="PASS" signature="runScenario(io.cucumber.testng.PickleWrapper,io.cucumber.testng.FeatureWrapper)[pri:0, instance:runners.Test_Runner@1e6d1014]" name="runScenario" duration-ms="15746" started-at="2022-12-15T19:54:34 EET" description="Runs Cucumber Scenarios" data-provider="scenarios" finished-at="2022-12-15T19:54:50 EET">
          <params>
            <param index="0">
              <value>
                <![CDATA["user Select random category or sub-category"]]>
              </value>
            </param>
            <param index="1">
              <value>
                <![CDATA["user select different category"]]>
              </value>
            </param>
          </params>
          <reporter-output>
          </reporter-output>
        </test-method> <!-- runScenario -->
        <test-method status="PASS" signature="tearDownClass()[pri:0, instance:runners.Test_Runner@1e6d1014]" name="tearDownClass" is-config="true" duration-ms="543" started-at="2022-12-15T19:54:50 EET" finished-at="2022-12-15T19:54:51 EET">
          <reporter-output>
          </reporter-output>
        </test-method> <!-- tearDownClass -->
      </class> <!-- runners.Test_Runner -->
    </test> <!-- NOP_AutomationTesting -->
  </suite> <!-- Default Suite -->
</testng-results>
